{
  "RSpec": {
    "coverage": {
      "/home/mystical-glossary-7309/tic-tac-toe-rb-online-web-sp-000/lib/tic_tac_toe.rb": [
        null,
        null,
        1,
        8,
        8,
        8,
        8,
        8,
        null,
        null,
        1,
        null,
        1,
        1,
        1,
        null,
        null,
        1,
        null,
        null,
        null,
        null,
        null,
        null,
        null,
        null,
        null,
        1,
        6,
        null,
        null,
        1,
        3,
        null,
        null,
        1,
        8,
        null,
        null,
        1,
        6,
        null,
        null,
        null,
        1,
        3,
        null,
        null,
        1,
        3,
        3,
        3,
        3,
        2,
        0,
        0,
        null,
        1,
        null,
        null,
        null,
        1,
        23,
        null,
        null,
        1,
        5,
        1,
        null,
        0,
        null,
        null,
        null,
        1,
        3,
        0,
        null,
        0,
        null,
        null,
        null,
        1,
        3,
        3,
        0,
        null,
        null,
        0,
        0,
        null,
        0,
        null,
        null,
        null
      ]
    },
    "timestamp": 1563472807
  }
}
