{
  "RSpec": {
    "coverage": {
      "/home/mystical-glossary-7309/tic-tac-toe-rb-online-web-sp-000/lib/tic_tac_toe.rb": [
        null,
        null,
        1,
        11,
        11,
        11,
        11,
        11,
        null,
        null,
        1,
        null,
        1,
        1,
        1,
        null,
        null,
        1,
        null,
        null,
        null,
        null,
        null,
        null,
        null,
        null,
        null,
        1,
        6,
        null,
        null,
        1,
        5,
        null,
        null,
        1,
        8,
        null,
        null,
        1,
        6,
        null,
        null,
        1,
        2,
        2,
        18,
        5,
        null,
        null,
        2,
        null,
        null,
        1,
        1,
        null,
        null,
        1,
        3,
        3,
        3,
        3,
        2,
        null,
        1,
        1,
        null,
        3,
        null,
        null,
        1,
        79,
        null,
        null,
        1,
        11,
        5,
        null,
        6,
        null,
        null,
        null,
        1,
        11,
        7,
        null,
        4,
        null,
        null,
        null,
        1,
        3,
        3,
        3,
        null,
        null,
        2,
        1,
        null,
        1,
        null,
        null,
        null,
        null,
        1,
        24,
        162,
        162,
        162,
        null,
        162,
        162,
        162,
        null,
        162,
        7,
        155,
        2,
        null,
        null,
        15,
        null,
        null,
        1,
        12,
        null,
        null
      ]
    },
    "timestamp": 1563475335
  }
}
